GPU Driver '470' detected
/tmp/slurmd/job23905400/slurm_script: line 15: env/bin/activate: No such file or directory
Thu Mar 31 19:51:21 2022       
+-----------------------------------------------------------------------------+
| NVIDIA-SMI 470.82.01    Driver Version: 470.82.01    CUDA Version: 11.4     |
|-------------------------------+----------------------+----------------------+
| GPU  Name        Persistence-M| Bus-Id        Disp.A | Volatile Uncorr. ECC |
| Fan  Temp  Perf  Pwr:Usage/Cap|         Memory-Usage | GPU-Util  Compute M. |
|                               |                      |               MIG M. |
|===============================+======================+======================|
|   0  NVIDIA A100-SXM...  On   | 00000000:07:00.0 Off |                    0 |
| N/A   61C    P0   305W / 400W |   1222MiB / 81251MiB |     97%      Default |
|                               |                      |             Disabled |
+-------------------------------+----------------------+----------------------+
|   1  NVIDIA A100-SXM...  On   | 00000000:0F:00.0 Off |                    0 |
| N/A   25C    P0    57W / 400W |      0MiB / 81251MiB |      0%      Default |
|                               |                      |             Disabled |
+-------------------------------+----------------------+----------------------+
|   2  NVIDIA A100-SXM...  On   | 00000000:47:00.0 Off |                    0 |
| N/A   47C    P0   117W / 400W |   1216MiB / 81251MiB |     98%      Default |
|                               |                      |             Disabled |
+-------------------------------+----------------------+----------------------+
|   3  NVIDIA A100-SXM...  On   | 00000000:4E:00.0 Off |                    0 |
| N/A   29C    P0    67W / 400W |  27564MiB / 81251MiB |      0%      Default |
|                               |                      |             Disabled |
+-------------------------------+----------------------+----------------------+
|   4  NVIDIA A100-SXM...  On   | 00000000:87:00.0 Off |                    0 |
| N/A   43C    P0    68W / 400W |  26738MiB / 81251MiB |      0%      Default |
|                               |                      |             Disabled |
+-------------------------------+----------------------+----------------------+
|   5  NVIDIA A100-SXM...  On   | 00000000:90:00.0 Off |                    0 |
| N/A   31C    P0    65W / 400W |  26738MiB / 81251MiB |      0%      Default |
|                               |                      |             Disabled |
+-------------------------------+----------------------+----------------------+
|   6  NVIDIA A100-SXM...  On   | 00000000:B7:00.0 Off |                    0 |
| N/A   42C    P0    69W / 400W |  26738MiB / 81251MiB |      0%      Default |
|                               |                      |             Disabled |
+-------------------------------+----------------------+----------------------+
|   7  NVIDIA A100-SXM...  On   | 00000000:BD:00.0 Off |                    0 |
| N/A   31C    P0    65W / 400W |  79716MiB / 81251MiB |      0%      Default |
|                               |                      |             Disabled |
+-------------------------------+----------------------+----------------------+
                                                                               
+-----------------------------------------------------------------------------+
| Processes:                                                                  |
|  GPU   GI   CI        PID   Type   Process name                  GPU Memory |
|        ID   ID                                                   Usage      |
|=============================================================================|
|    0   N/A  N/A    106625      C   ...6_64-multicore-CUDA/namd3     1219MiB |
|    2   N/A  N/A     97890      C   ...6_64-multicore-CUDA/namd3     1213MiB |
|    3   N/A  N/A     54221      C   ...sp.6.2.1/bin_gpu/vasp_gam    27561MiB |
|    4   N/A  N/A     54222      C   ...sp.6.2.1/bin_gpu/vasp_gam    26735MiB |
|    5   N/A  N/A     54223      C   ...sp.6.2.1/bin_gpu/vasp_gam    26735MiB |
|    6   N/A  N/A     54224      C   ...sp.6.2.1/bin_gpu/vasp_gam    26735MiB |
|    7   N/A  N/A     42772      C   python                          79713MiB |
+-----------------------------------------------------------------------------+
cuda
(5376, 90000)
5376
4300
1076
Traceback (most recent call last):
  File "SimpleCNN.py", line 48, in <module>
    train_set,valid_set = torch.utils.data.random_split(dataset,[int(nimages*0.8),nimages-int(nimages*0.8)])
  File "/apps/python/3.8/lib/python3.8/site-packages/torch/utils/data/dataset.py", line 332, in random_split
    raise ValueError("Sum of input lengths does not equal the length of the input dataset!")
ValueError: Sum of input lengths does not equal the length of the input dataset!
