GPU Driver '470' detected
Mon Apr 11 16:43:42 2022       
+-----------------------------------------------------------------------------+
| NVIDIA-SMI 470.82.01    Driver Version: 470.82.01    CUDA Version: 11.4     |
|-------------------------------+----------------------+----------------------+
| GPU  Name        Persistence-M| Bus-Id        Disp.A | Volatile Uncorr. ECC |
| Fan  Temp  Perf  Pwr:Usage/Cap|         Memory-Usage | GPU-Util  Compute M. |
|                               |                      |               MIG M. |
|===============================+======================+======================|
|   0  NVIDIA A100-SXM...  On   | 00000000:07:00.0 Off |                    0 |
| N/A   51C    P0   290W / 400W |  26453MiB / 81251MiB |    100%      Default |
|                               |                      |             Disabled |
+-------------------------------+----------------------+----------------------+
|   1  NVIDIA A100-SXM...  On   | 00000000:0F:00.0 Off |                    0 |
| N/A   55C    P0   312W / 400W |  76162MiB / 81251MiB |    100%      Default |
|                               |                      |             Disabled |
+-------------------------------+----------------------+----------------------+
|   2  NVIDIA A100-SXM...  On   | 00000000:47:00.0 Off |                    0 |
| N/A   46C    P0   284W / 400W |   3426MiB / 81251MiB |    100%      Default |
|                               |                      |             Disabled |
+-------------------------------+----------------------+----------------------+
|   3  NVIDIA A100-SXM...  On   | 00000000:4E:00.0 Off |                    0 |
| N/A   47C    P0   289W / 400W |   4646MiB / 81251MiB |    100%      Default |
|                               |                      |             Disabled |
+-------------------------------+----------------------+----------------------+
|   4  NVIDIA A100-SXM...  On   | 00000000:87:00.0 Off |                    0 |
| N/A   36C    P0    63W / 400W |    580MiB / 81251MiB |      0%      Default |
|                               |                      |             Disabled |
+-------------------------------+----------------------+----------------------+
|   5  NVIDIA A100-SXM...  On   | 00000000:90:00.0 Off |                    0 |
| N/A   68C    P0   294W / 400W |  29484MiB / 81251MiB |    100%      Default |
|                               |                      |             Disabled |
+-------------------------------+----------------------+----------------------+
|   6  NVIDIA A100-SXM...  On   | 00000000:B7:00.0 Off |                    0 |
| N/A   32C    P0    57W / 400W |      3MiB / 81251MiB |      0%      Default |
|                               |                      |             Disabled |
+-------------------------------+----------------------+----------------------+
|   7  NVIDIA A100-SXM...  On   | 00000000:BD:00.0 Off |                    0 |
| N/A   32C    P0    59W / 400W |      3MiB / 81251MiB |      0%      Default |
|                               |                      |             Disabled |
+-------------------------------+----------------------+----------------------+
                                                                               
+-----------------------------------------------------------------------------+
| Processes:                                                                  |
|  GPU   GI   CI        PID   Type   Process name                  GPU Memory |
|        ID   ID                                                   Usage      |
|=============================================================================|
|    0   N/A  N/A     55056      C   ...6_64-verbs-smp-CUDA/namd2      871MiB |
|    0   N/A  N/A     78725      C   python                          25567MiB |
|    1   N/A  N/A    252717      C   python                          76149MiB |
|    2   N/A  N/A     48583      C   ./encoreAVX                       415MiB |
|    3   N/A  N/A     48504      C   ./encoreAVX                       415MiB |
|    4   N/A  N/A    250876      C   python                            577MiB |
|    5   N/A  N/A     45614      C   ./encoreAVX                       415MiB |
+-----------------------------------------------------------------------------+
