GPU Driver '470' detected
Mon Apr 11 14:27:32 2022       
+-----------------------------------------------------------------------------+
| NVIDIA-SMI 470.82.01    Driver Version: 470.82.01    CUDA Version: 11.4     |
|-------------------------------+----------------------+----------------------+
| GPU  Name        Persistence-M| Bus-Id        Disp.A | Volatile Uncorr. ECC |
| Fan  Temp  Perf  Pwr:Usage/Cap|         Memory-Usage | GPU-Util  Compute M. |
|                               |                      |               MIG M. |
|===============================+======================+======================|
|   0  NVIDIA A100-SXM...  On   | 00000000:07:00.0 Off |                    0 |
| N/A   26C    P0    59W / 400W |      0MiB / 81251MiB |      0%      Default |
|                               |                      |             Disabled |
+-------------------------------+----------------------+----------------------+
|   1  NVIDIA A100-SXM...  On   | 00000000:0F:00.0 Off |                    0 |
| N/A   47C    P0   265W / 400W |  29478MiB / 81251MiB |    100%      Default |
|                               |                      |             Disabled |
+-------------------------------+----------------------+----------------------+
|   2  NVIDIA A100-SXM...  On   | 00000000:47:00.0 Off |                    0 |
| N/A   51C    P0   268W / 400W |  29478MiB / 81251MiB |    100%      Default |
|                               |                      |             Disabled |
+-------------------------------+----------------------+----------------------+
|   3  NVIDIA A100-SXM...  On   | 00000000:4E:00.0 Off |                    0 |
| N/A   50C    P0   263W / 400W |  29478MiB / 81251MiB |    100%      Default |
|                               |                      |             Disabled |
+-------------------------------+----------------------+----------------------+
|   4  NVIDIA A100-SXM...  On   | 00000000:87:00.0 Off |                    0 |
| N/A   52C    P0   263W / 400W |  29478MiB / 81251MiB |    100%      Default |
|                               |                      |             Disabled |
+-------------------------------+----------------------+----------------------+
|   5  NVIDIA A100-SXM...  On   | 00000000:90:00.0 Off |                    0 |
| N/A   34C    P0    61W / 400W |      0MiB / 81251MiB |      0%      Default |
|                               |                      |             Disabled |
+-------------------------------+----------------------+----------------------+
|   6  NVIDIA A100-SXM...  On   | 00000000:B7:00.0 Off |                    0 |
| N/A   61C    P0   282W / 400W |  29478MiB / 81251MiB |    100%      Default |
|                               |                      |             Disabled |
+-------------------------------+----------------------+----------------------+
|   7  NVIDIA A100-SXM...  On   | 00000000:BD:00.0 Off |                    0 |
| N/A   68C    P0   293W / 400W |  29478MiB / 81251MiB |    100%      Default |
|                               |                      |             Disabled |
+-------------------------------+----------------------+----------------------+
                                                                               
+-----------------------------------------------------------------------------+
| Processes:                                                                  |
|  GPU   GI   CI        PID   Type   Process name                  GPU Memory |
|        ID   ID                                                   Usage      |
|=============================================================================|
|    1   N/A  N/A    237092      C   ./encoreAVX                       415MiB |
|    2   N/A  N/A    237167      C   ./encoreAVX                       415MiB |
|    3   N/A  N/A    237171      C   ./encoreAVX                       415MiB |
|    4   N/A  N/A    237142      C   ./encoreAVX                       415MiB |
|    6   N/A  N/A    237157      C   ./encoreAVX                       415MiB |
|    7   N/A  N/A    237118      C   ./encoreAVX                       415MiB |
+-----------------------------------------------------------------------------+
/home/eric.fowler/.local/lib/python3.8/site-packages/torch/nn/functional.py:718: UserWarning: Named tensors and all their associated APIs are an experimental feature and subject to change. Please do not use them for anything important until they are released as stable. (Triggered internally at  /pytorch/c10/core/TensorImpl.h:1156.)
  return torch.max_pool2d(input, kernel_size, stride, padding, dilation, ceil_mode)
on line 1
modules loaded
(6720, 90000)
(500,)
(100,)
Before MLP
MLP(
  (linear1): Linear(in_features=90000, out_features=250, bias=True)
  (linear2): Linear(in_features=250, out_features=100, bias=True)
  (linear3): Linear(in_features=100, out_features=10, bias=True)
)
torch.Size([400, 1, 300, 300])
torch.Size([100, 1, 300, 300])
CNN(
  (conv1): Conv2d(1, 32, kernel_size=(5, 5), stride=(1, 1))
  (conv2): Conv2d(32, 64, kernel_size=(5, 5), stride=(1, 1))
  (conv3): Conv2d(64, 128, kernel_size=(5, 5), stride=(1, 1))
  (fc1): Linear(in_features=645248, out_features=250, bias=True)
  (fc2): Linear(in_features=250, out_features=10, bias=True)
)
torch.Size([42, 1, 300, 300])
torch.Size([42, 10])
Epoch : 0 [0/400 (0%)]	Loss: 40.105968	 Accuracy:9.524%
Epoch : 1 [0/400 (0%)]	Loss: 2.295289	 Accuracy:21.429%
Epoch : 2 [0/400 (0%)]	Loss: 2.291214	 Accuracy:9.524%
Epoch : 3 [0/400 (0%)]	Loss: 2.293195	 Accuracy:19.048%
Epoch : 4 [0/400 (0%)]	Loss: 2.294134	 Accuracy:14.286%
Test accuracy:7.143% 
