y GPU Driver '470' detected
Fri Apr  1 02:18:22 2022       
+-----------------------------------------------------------------------------+
| NVIDIA-SMI 470.82.01    Driver Version: 470.82.01    CUDA Version: 11.4     |
|-------------------------------+----------------------+----------------------+
| GPU  Name        Persistence-M| Bus-Id        Disp.A | Volatile Uncorr. ECC |
| Fan  Temp  Perf  Pwr:Usage/Cap|         Memory-Usage | GPU-Util  Compute M. |
|                               |                      |               MIG M. |
|===============================+======================+======================|
|   0  NVIDIA A100-SXM...  On   | 00000000:07:00.0 Off |                    0 |
| N/A   38C    P0   130W / 400W |    496MiB / 81251MiB |     90%      Default |
|                               |                      |             Disabled |
+-------------------------------+----------------------+----------------------+
|   1  NVIDIA A100-SXM...  On   | 00000000:0F:00.0 Off |                    0 |
| N/A   36C    P0   124W / 400W |    496MiB / 81251MiB |     90%      Default |
|                               |                      |             Disabled |
+-------------------------------+----------------------+----------------------+
|   2  NVIDIA A100-SXM...  On   | 00000000:47:00.0 Off |                    0 |
| N/A   36C    P0   124W / 400W |    496MiB / 81251MiB |     90%      Default |
|                               |                      |             Disabled |
+-------------------------------+----------------------+----------------------+
|   3  NVIDIA A100-SXM...  On   | 00000000:4E:00.0 Off |                    0 |
| N/A   37C    P0   122W / 400W |    496MiB / 81251MiB |     90%      Default |
|                               |                      |             Disabled |
+-------------------------------+----------------------+----------------------+
|   4  NVIDIA A100-SXM...  On   | 00000000:87:00.0 Off |                    0 |
| N/A   36C    P0    59W / 400W |      0MiB / 81251MiB |      0%      Default |
|                               |                      |             Disabled |
+-------------------------------+----------------------+----------------------+
|   5  NVIDIA A100-SXM...  On   | 00000000:90:00.0 Off |                    0 |
| N/A   35C    P0    66W / 400W |      0MiB / 81251MiB |      0%      Default |
|                               |                      |             Disabled |
+-------------------------------+----------------------+----------------------+
|   6  NVIDIA A100-SXM...  On   | 00000000:B7:00.0 Off |                    0 |
| N/A   35C    P0    59W / 400W |      0MiB / 81251MiB |      0%      Default |
|                               |                      |             Disabled |
+-------------------------------+----------------------+----------------------+
|   7  NVIDIA A100-SXM...  On   | 00000000:BD:00.0 Off |                    0 |
| N/A   35C    P0    60W / 400W |      0MiB / 81251MiB |      0%      Default |
|                               |                      |             Disabled |
+-------------------------------+----------------------+----------------------+
                                                                               
+-----------------------------------------------------------------------------+
| Processes:                                                                  |
|  GPU   GI   CI        PID   Type   Process name                  GPU Memory |
|        ID   ID                                                   Usage      |
|=============================================================================|
|    0   N/A  N/A    105635      C   ...hao.zhang/GPUMD/src/gpumd      493MiB |
|    1   N/A  N/A    109033      C   ...hao.zhang/GPUMD/src/gpumd      493MiB |
|    2   N/A  N/A     99693      C   ...hao.zhang/GPUMD/src/gpumd      493MiB |
|    3   N/A  N/A    103487      C   ...hao.zhang/GPUMD/src/gpumd      493MiB |
+-----------------------------------------------------------------------------+
cuda
/home/eric.fowler/.local/lib/python3.8/site-packages/torch/nn/functional.py:718: UserWarning: Named tensors and all their associated APIs are an experimental feature and subject to change. Please do not use them for anything important until they are released as stable. (Triggered internally at  /pytorch/c10/core/TensorImpl.h:1156.)
  return torch.max_pool2d(input, kernel_size, stride, padding, dilation, ceil_mode)
torch.Size([20, 1, 300, 300])
torch.Size([20])
Traceback (most recent call last):
  File "SimpleCNN.py", line 139, in <module>
    loss.backward()
  File "/home/eric.fowler/.local/lib/python3.8/site-packages/torch/_tensor.py", line 255, in backward
    torch.autograd.backward(self, gradient, retain_graph, create_graph, inputs=inputs)
  File "/home/eric.fowler/.local/lib/python3.8/site-packages/torch/autograd/__init__.py", line 147, in backward
    Variable._execution_engine.run_backward(
RuntimeError: Function AddmmBackward returned an invalid gradient at index 1 - got [20, 4096] but expected shape compatible with [20, 350464]
